Arguments: 
  /usr/bin/node /usr/bin/yarn add @openzeppelin-contracts

PATH: 
  /home/abims/.cargo/bin:/home/abims/.local/bin:/usr/local/sbin:/usr/local/bin:/usr/bin:/usr/bin/site_perl:/usr/bin/vendor_perl:/usr/bin/core_perl:/var/lib/snapd/snap/bin:/home/abims/.foundry/bin:/home/abims/.foundry/bin

Yarn version: 
  1.22.19

Node version: 
  19.6.0

Platform: 
  linux x64

Trace: 
  Error: https://registry.yarnpkg.com/@openzeppelin-contracts: Request "https://registry.yarnpkg.com/@openzeppelin-contracts" returned a 405
      at params.callback [as _callback] (/usr/lib/node_modules/yarn/lib/cli.js:66154:18)
      at self.callback (/usr/lib/node_modules/yarn/lib/cli.js:140890:22)
      at Request.emit (node:events:512:28)
      at Request.<anonymous> (/usr/lib/node_modules/yarn/lib/cli.js:141862:10)
      at Request.emit (node:events:512:28)
      at IncomingMessage.<anonymous> (/usr/lib/node_modules/yarn/lib/cli.js:141784:12)
      at Object.onceWrapper (node:events:626:28)
      at IncomingMessage.emit (node:events:524:35)
      at endReadableNT (node:internal/streams/readable:1359:12)
      at process.processTicksAndRejections (node:internal/process/task_queues:82:21)

npm manifest: 
  {
    "dependencies": {
      "openzeppelin-contracts": "^4.0.0"
    }
  }

yarn manifest: 
  No manifest

Lockfile: 
  # THIS IS AN AUTOGENERATED FILE. DO NOT EDIT THIS FILE DIRECTLY.
  # yarn lockfile v1
  
  
  openzeppelin-contracts@^4.0.0:
    version "4.0.0"
    resolved "https://registry.yarnpkg.com/openzeppelin-contracts/-/openzeppelin-contracts-4.0.0.tgz#3b56ae3c5f6a59eaca2eacf935e3ebc18a59cd78"
    integrity sha512-SlBeiWSJKhX9EY2Nlgev4P/LMBWWSk6wL+eqikAe9gODpxrQwLOx4Rw3vyHuJaChrUTlGyR4Gl1NqJMw0J15eQ==
